Sencha Cmd 7.7.0.36 - Crash report
================================================
An error occurred while executing the following command: build

Diagnostic information:
=======================
Error while loading build environment: Failed to load JSON from C:\xampp8.1\htdocs\fda\Admin\app.json - com.google.gson.stream.MalformedJsonException: Unterminated array at line 106 column 14 path $..etc[2]

java.lang.NullPointerException
     at com.sencha.command.Sencha.logCrashToFile(Sencha.java:635)
     at com.sencha.command.Sencha.main(Sencha.java:176)
     at sun.reflect.NativeMethodAccessorImpl.invoke0(Native Method)
     at sun.reflect.NativeMethodAccessorImpl.invoke(NativeMethodAccessorImpl.java:62)
     at sun.reflect.DelegatingMethodAccessorImpl.invoke(DelegatingMethodAccessorImpl.java:43)
     at java.lang.reflect.Method.invoke(Method.java:498)
     at com.exe4j.runtime.LauncherEngine.launch(LauncherEngine.java:84)
     at com.exe4j.runtime.WinLauncher.main(WinLauncher.java:94)
     at com.install4j.runtime.launcher.WinLauncher.main(WinLauncher.java:25)


Exception information:
=======================
Failed to load JSON from C:\xampp8.1\htdocs\fda\Admin\app.json - com.google.gson.stream.MalformedJsonException: Unterminated array at line 106 column 14 path $..etc[2]
     at com.sencha.util.JsonUtil.loadJson(JsonUtil.java:195)
     at com.sencha.util.JsonUtil.loadJson(JsonUtil.java:177)
     at com.sencha.util.JsonUtil.loadJsonMap(JsonUtil.java:204)
     at com.sencha.command.environment.BuildEnvironment.getRawJsonConfig(BuildEnvironment.java:682)
     at com.sencha.command.environment.BuildEnvironment.loadJsonConfig(BuildEnvironment.java:640)
     at com.sencha.command.environment.BuildEnvironment.loadJsonConfig(BuildEnvironment.java:656)
     at com.sencha.command.environment.AppEnvironment.<init>(AppEnvironment.java:44)
     at com.sencha.command.environment.BuildEnvironment.load(BuildEnvironment.java:110)
     at com.sencha.command.environment.BuildEnvironment.load(BuildEnvironment.java:134)
     at com.sencha.command.environment.BuildEnvironment.load(BuildEnvironment.java:80)
     at com.sencha.command.Sencha.loadBuildEnvironment(Sencha.java:495)
     at com.sencha.command.Sencha.main(Sencha.java:134)
     at sun.reflect.NativeMethodAccessorImpl.invoke0(Native Method)
     at sun.reflect.NativeMethodAccessorImpl.invoke(NativeMethodAccessorImpl.java:62)
     at sun.reflect.DelegatingMethodAccessorImpl.invoke(DelegatingMethodAccessorImpl.java:43)
     at java.lang.reflect.Method.invoke(Method.java:498)
     at com.exe4j.runtime.LauncherEngine.launch(LauncherEngine.java:84)
     at com.exe4j.runtime.WinLauncher.main(WinLauncher.java:94)
     at com.install4j.runtime.launcher.WinLauncher.main(WinLauncher.java:25)
   Caused by: com.google.gson.stream.MalformedJsonException: Unterminated array at line 106 column 14 path $..etc[2]
     at com.google.gson.Gson.fromJson(Gson.java:902)
     at com.google.gson.Gson.fromJson(Gson.java:852)
     at com.google.gson.Gson.fromJson(Gson.java:801)
     at com.sencha.util.JsonUtil$ThreadSafeGson.fromJson(JsonUtil.java:397)
     at com.sencha.util.JsonUtil.fromJson(JsonUtil.java:151)
     at com.sencha.util.JsonUtil.loadJson(JsonUtil.java:191)
     at com.sencha.util.JsonUtil.loadJson(JsonUtil.java:177)
     at com.sencha.util.JsonUtil.loadJsonMap(JsonUtil.java:204)
     at com.sencha.command.environment.BuildEnvironment.getRawJsonConfig(BuildEnvironment.java:682)
     at com.sencha.command.environment.BuildEnvironment.loadJsonConfig(BuildEnvironment.java:640)
     at com.sencha.command.environment.BuildEnvironment.loadJsonConfig(BuildEnvironment.java:656)
     at com.sencha.command.environment.AppEnvironment.<init>(AppEnvironment.java:44)
     at com.sencha.command.environment.BuildEnvironment.load(BuildEnvironment.java:110)
     at com.sencha.command.environment.BuildEnvironment.load(BuildEnvironment.java:134)
     at com.sencha.command.environment.BuildEnvironment.load(BuildEnvironment.java:80)
     at com.sencha.command.Sencha.loadBuildEnvironment(Sencha.java:495)
     at com.sencha.command.Sencha.main(Sencha.java:134)
     at sun.reflect.NativeMethodAccessorImpl.invoke0(Native Method)
     at sun.reflect.NativeMethodAccessorImpl.invoke(NativeMethodAccessorImpl.java:62)
     at sun.reflect.DelegatingMethodAccessorImpl.invoke(DelegatingMethodAccessorImpl.java:43)
     at java.lang.reflect.Method.invoke(Method.java:498)
     at com.exe4j.runtime.LauncherEngine.launch(LauncherEngine.java:84)
     at com.exe4j.runtime.WinLauncher.main(WinLauncher.java:94)
     at com.install4j.runtime.launcher.WinLauncher.main(WinLauncher.java:25)
   Caused by: Unterminated array at line 106 column 14 path $..etc[2]
     at com.google.gson.stream.JsonReader.syntaxError(JsonReader.java:1559)
     at com.google.gson.stream.JsonReader.doPeek(JsonReader.java:476)
     at com.google.gson.stream.JsonReader.hasNext(JsonReader.java:414)
     at com.google.gson.internal.bind.ObjectTypeAdapter.read(ObjectTypeAdapter.java:60)
     at com.google.gson.internal.bind.ObjectTypeAdapter.read(ObjectTypeAdapter.java:70)
     at com.google.gson.internal.bind.TypeAdapterRuntimeTypeWrapper.read(TypeAdapterRuntimeTypeWrapper.java:41)
     at com.google.gson.internal.bind.MapTypeAdapterFactory$Adapter.read(MapTypeAdapterFactory.java:187)
     at com.google.gson.internal.bind.MapTypeAdapterFactory$Adapter.read(MapTypeAdapterFactory.java:145)
     at com.google.gson.Gson.fromJson(Gson.java:887)
     at com.google.gson.Gson.fromJson(Gson.java:852)
     at com.google.gson.Gson.fromJson(Gson.java:801)
     at com.sencha.util.JsonUtil$ThreadSafeGson.fromJson(JsonUtil.java:397)
     at com.sencha.util.JsonUtil.fromJson(JsonUtil.java:151)
     at com.sencha.util.JsonUtil.loadJson(JsonUtil.java:191)
     at com.sencha.util.JsonUtil.loadJson(JsonUtil.java:177)
     at com.sencha.util.JsonUtil.loadJsonMap(JsonUtil.java:204)
     at com.sencha.command.environment.BuildEnvironment.getRawJsonConfig(BuildEnvironment.java:682)
     at com.sencha.command.environment.BuildEnvironment.loadJsonConfig(BuildEnvironment.java:640)
     at com.sencha.command.environment.BuildEnvironment.loadJsonConfig(BuildEnvironment.java:656)
     at com.sencha.command.environment.AppEnvironment.<init>(AppEnvironment.java:44)
     at com.sencha.command.environment.BuildEnvironment.load(BuildEnvironment.java:110)
     at com.sencha.command.environment.BuildEnvironment.load(BuildEnvironment.java:134)
     at com.sencha.command.environment.BuildEnvironment.load(BuildEnvironment.java:80)
     at com.sencha.command.Sencha.loadBuildEnvironment(Sencha.java:495)
     at com.sencha.command.Sencha.main(Sencha.java:134)
     at sun.reflect.NativeMethodAccessorImpl.invoke0(Native Method)
     at sun.reflect.NativeMethodAccessorImpl.invoke(NativeMethodAccessorImpl.java:62)
     at sun.reflect.DelegatingMethodAccessorImpl.invoke(DelegatingMethodAccessorImpl.java:43)
     at java.lang.reflect.Method.invoke(Method.java:498)
     at com.exe4j.runtime.LauncherEngine.launch(LauncherEngine.java:84)
     at com.exe4j.runtime.WinLauncher.main(WinLauncher.java:94)
     at com.install4j.runtime.launcher.WinLauncher.main(WinLauncher.java:25)

